Array
(
    [phoneNumber] => +250786540832
    [serviceCode] => *384*4541#
    [text] => 
    [sessionId] => ATUid_a6746725eec1d6d5d7d677b4e50d1812
    [networkCode] => 99999
)
Array
(
)
Array
(
    [phoneNumber] => +250786540832
    [serviceCode] => *384*4541#
    [text] => 
    [sessionId] => ATUid_f4b661f1d9d1d35048d9ae6b2d456834
    [networkCode] => 99999
)
Array
(
    [phoneNumber] => +250786540830
    [serviceCode] => *384*4541#
    [text] => 
    [sessionId] => ATUid_5040572adc7c260abaaf5f7e55ee6753
    [networkCode] => 99999
)
Array
(
    [phoneNumber] => +250786540830
    [serviceCode] => *384*4541#
    [text] => 
    [sessionId] => ATUid_ebfbe51ee50662798a479cadc550e64e
    [networkCode] => 99999
)
Array
(
    [phoneNumber] => +250786540830
    [serviceCode] => *384*4541#
    [text] => Papa
    [sessionId] => ATUid_ebfbe51ee50662798a479cadc550e64e
    [networkCode] => 99999
)
Array
(
    [phoneNumber] => +250786540830
    [serviceCode] => *384*4541#
    [text] => Papa*123
    [sessionId] => ATUid_ebfbe51ee50662798a479cadc550e64e
    [networkCode] => 99999
)
Array
(
    [phoneNumber] => +250786540830
    [serviceCode] => *384*4541#
    [text] => Papa*123*2
    [sessionId] => ATUid_ebfbe51ee50662798a479cadc550e64e
    [networkCode] => 99999
)
Array
(
    [phoneNumber] => +250786540830
    [serviceCode] => *384*4541#
    [text] => Papa*123*2*1
    [sessionId] => ATUid_ebfbe51ee50662798a479cadc550e64e
    [networkCode] => 99999
)
Array
(
    [phoneNumber] => +250786540830
    [serviceCode] => *384*4541#
    [text] => Papa*123*2*1*95
    [sessionId] => ATUid_ebfbe51ee50662798a479cadc550e64e
    [networkCode] => 99999
)
Array
(
    [phoneNumber] => +250786540830
    [serviceCode] => *384*4541#
    [text] => Papa*123*2*1*95*2
    [sessionId] => ATUid_ebfbe51ee50662798a479cadc550e64e
    [networkCode] => 99999
)
Array
(
    [phoneNumber] => +250786540830
    [serviceCode] => *384*4541#
    [text] => 
    [sessionId] => ATUid_3ae016e2dc55d85c0184c6d21df2fb4a
    [networkCode] => 99999
)
Array
(
    [phoneNumber] => +250786540830
    [serviceCode] => *384*4541#
    [text] => Papa
    [sessionId] => ATUid_3ae016e2dc55d85c0184c6d21df2fb4a
    [networkCode] => 99999
)
Array
(
    [phoneNumber] => +250786540830
    [serviceCode] => *384*4541#
    [text] => Papa*123
    [sessionId] => ATUid_3ae016e2dc55d85c0184c6d21df2fb4a
    [networkCode] => 99999
)
Array
(
    [phoneNumber] => +250786540830
    [serviceCode] => *384*4541#
    [text] => Papa*123*1
    [sessionId] => ATUid_3ae016e2dc55d85c0184c6d21df2fb4a
    [networkCode] => 99999
)
Array
(
    [phoneNumber] => +250786540830
    [serviceCode] => *384*4541#
    [text] => Papa*123*1*CLASS
    [sessionId] => ATUid_3ae016e2dc55d85c0184c6d21df2fb4a
    [networkCode] => 99999
)
Array
(
    [phoneNumber] => +250786540830
    [serviceCode] => *384*4541#
    [text] => Papa*123*1*CLASS*CLLASS
    [sessionId] => ATUid_3ae016e2dc55d85c0184c6d21df2fb4a
    [networkCode] => 99999
)
Array
(
    [phoneNumber] => +250786540830
    [serviceCode] => *384*4541#
    [text] => Papa*123*1*CLASS*CLLASS*2
    [sessionId] => ATUid_3ae016e2dc55d85c0184c6d21df2fb4a
    [networkCode] => 99999
)
Array
(
    [phoneNumber] => +250786540830
    [serviceCode] => *384*4541#
    [text] => 
    [sessionId] => ATUid_5575fdd282c00a67683a1926a3b2506a
    [networkCode] => 99999
)
Array
(
    [phoneNumber] => +250786540830
    [serviceCode] => *384*4541#
    [text] => Papa
    [sessionId] => ATUid_5575fdd282c00a67683a1926a3b2506a
    [networkCode] => 99999
)
Array
(
    [phoneNumber] => +250786540830
    [serviceCode] => *384*4541#
    [text] => Papa*123
    [sessionId] => ATUid_5575fdd282c00a67683a1926a3b2506a
    [networkCode] => 99999
)
Array
(
    [phoneNumber] => +250786540830
    [serviceCode] => *384*4541#
    [text] => Papa*123*1
    [sessionId] => ATUid_5575fdd282c00a67683a1926a3b2506a
    [networkCode] => 99999
)
Array
(
    [phoneNumber] => +250786540830
    [serviceCode] => *384*4541#
    [text] => Papa*123*1*qw
    [sessionId] => ATUid_5575fdd282c00a67683a1926a3b2506a
    [networkCode] => 99999
)
Array
(
    [phoneNumber] => +250786540830
    [serviceCode] => *384*4541#
    [text] => Papa*123*1*qw*wwww
    [sessionId] => ATUid_5575fdd282c00a67683a1926a3b2506a
    [networkCode] => 99999
)
Array
(
    [phoneNumber] => +250786540830
    [serviceCode] => *384*4541#
    [text] => Papa*123*1*qw*wwww*1
    [sessionId] => ATUid_5575fdd282c00a67683a1926a3b2506a
    [networkCode] => 99999
)
Array
(
    [phoneNumber] => +250786540830
    [serviceCode] => *384*4541#
    [text] => Papa*123*1*qw*wwww*1*2
    [sessionId] => ATUid_5575fdd282c00a67683a1926a3b2506a
    [networkCode] => 99999
)
Array
(
    [status] => error
    [data] => recipient and message must be defined
)
Array
(
    [phoneNumber] => +250786540833
    [serviceCode] => *384*4541#
    [text] => 
    [sessionId] => ATUid_3e07f3a38834d5aa6114adbbc11412aa
    [networkCode] => 99999
)
Array
(
    [phoneNumber] => +250786540833
    [serviceCode] => *384*4541#
    [text] => 1
    [sessionId] => ATUid_3e07f3a38834d5aa6114adbbc11412aa
    [networkCode] => 99999
)
Array
(
    [phoneNumber] => +250786540833
    [serviceCode] => *384*4541#
    [text] => 1*Aimable
    [sessionId] => ATUid_3e07f3a38834d5aa6114adbbc11412aa
    [networkCode] => 99999
)
Array
(
    [phoneNumber] => +250786540833
    [serviceCode] => *384*4541#
    [text] => 
    [sessionId] => ATUid_7defdf68890d7f88cfe501c1b0b15fac
    [networkCode] => 99999
)
Array
(
    [phoneNumber] => +250786540833
    [serviceCode] => *384*4541#
    [text] => 
    [sessionId] => ATUid_a81b854d5d55556ff68158e34717fdd6
    [networkCode] => 99999
)
Array
(
    [phoneNumber] => +250786540833
    [serviceCode] => *384*4541#
    [text] => 
    [sessionId] => ATUid_672dcc33a15e5690947fb2837ede44df
    [networkCode] => 99999
)
Array
(
    [phoneNumber] => +250786540833
    [serviceCode] => *384*4541#
    [text] => 
    [sessionId] => ATUid_acdbed490a6310ff54ce98009bd58e4a
    [networkCode] => 99999
)
Array
(
    [phoneNumber] => +250786540833
    [serviceCode] => *384*4541#
    [text] => 1
    [sessionId] => ATUid_acdbed490a6310ff54ce98009bd58e4a
    [networkCode] => 99999
)
Array
(
    [phoneNumber] => +250786540833
    [serviceCode] => *384*4541#
    [text] => 1*Aimable
    [sessionId] => ATUid_acdbed490a6310ff54ce98009bd58e4a
    [networkCode] => 99999
)
Array
(
    [phoneNumber] => +250786540833
    [serviceCode] => *384*4541#
    [text] => 1*Aimable*123
    [sessionId] => ATUid_acdbed490a6310ff54ce98009bd58e4a
    [networkCode] => 99999
)
Array
(
    [phoneNumber] => +250786540833
    [serviceCode] => *384*4541#
    [text] => 1*Aimable*123*123
    [sessionId] => ATUid_acdbed490a6310ff54ce98009bd58e4a
    [networkCode] => 99999
)
Array
(
    [status] => success
    [data] => stdClass Object
        (
            [SMSMessageData] => stdClass Object
                (
                    [Message] => Sent to 1/1 Total Cost: RWF 14.0000 Message parts: 1
                    [Recipients] => Array
                        (
                            [0] => stdClass Object
                                (
                                    [cost] => RWF 14.0000
                                    [messageId] => ATXid_452fc1c623c15ab27979bfcbbdfde3d9
                                    [number] => +250786540833
                                    [status] => Success
                                    [statusCode] => 101
                                )

                        )

                )

        )

)
Array
(
    [phoneNumber] => +250786540833
    [serviceCode] => *384*4541#
    [text] => 
    [sessionId] => ATUid_bcc98b5fa1cbf1fff6d85a0ac693ed54
    [networkCode] => 99999
)
Array
(
    [phoneNumber] => +250786540833
    [serviceCode] => *384*4541#
    [text] => Papa
    [sessionId] => ATUid_bcc98b5fa1cbf1fff6d85a0ac693ed54
    [networkCode] => 99999
)
Array
(
    [phoneNumber] => +250786540833
    [serviceCode] => *384*4541#
    [text] => Papa*123
    [sessionId] => ATUid_bcc98b5fa1cbf1fff6d85a0ac693ed54
    [networkCode] => 99999
)
Array
(
    [phoneNumber] => +250786540833
    [serviceCode] => *384*4541#
    [text] => 
    [sessionId] => ATUid_e081befb48f3a0ab5ffbe5e1968394e9
    [networkCode] => 99999
)
Array
(
    [phoneNumber] => +250786540833
    [serviceCode] => *384*4541#
    [text] => Aimable
    [sessionId] => ATUid_e081befb48f3a0ab5ffbe5e1968394e9
    [networkCode] => 99999
)
Array
(
    [phoneNumber] => +250786540833
    [serviceCode] => *384*4541#
    [text] => Aimable*123
    [sessionId] => ATUid_e081befb48f3a0ab5ffbe5e1968394e9
    [networkCode] => 99999
)
Array
(
    [phoneNumber] => +250786540833
    [serviceCode] => *384*4541#
    [text] => Aimable*123*2
    [sessionId] => ATUid_e081befb48f3a0ab5ffbe5e1968394e9
    [networkCode] => 99999
)
Array
(
    [phoneNumber] => +250786540833
    [serviceCode] => *384*4541#
    [text] => 
    [sessionId] => ATUid_a81fac7cb41a9ea8c6f6dd8bfd6933db
    [networkCode] => 99999
)
Array
(
    [phoneNumber] => +250786540833
    [serviceCode] => *384*4541#
    [text] => Aimable
    [sessionId] => ATUid_a81fac7cb41a9ea8c6f6dd8bfd6933db
    [networkCode] => 99999
)
Array
(
    [phoneNumber] => +250786540833
    [serviceCode] => *384*4541#
    [text] => Aimable*123
    [sessionId] => ATUid_a81fac7cb41a9ea8c6f6dd8bfd6933db
    [networkCode] => 99999
)
Array
(
    [phoneNumber] => +250786540833
    [serviceCode] => *384*4541#
    [text] => Aimable*123*1
    [sessionId] => ATUid_a81fac7cb41a9ea8c6f6dd8bfd6933db
    [networkCode] => 99999
)
Array
(
    [phoneNumber] => +250786540833
    [serviceCode] => *384*4541#
    [text] => Aimable*123*1*qqq
    [sessionId] => ATUid_a81fac7cb41a9ea8c6f6dd8bfd6933db
    [networkCode] => 99999
)
Array
(
    [phoneNumber] => +250786540833
    [serviceCode] => *384*4541#
    [text] => Aimable*123*1*qqq*qqw
    [sessionId] => ATUid_a81fac7cb41a9ea8c6f6dd8bfd6933db
    [networkCode] => 99999
)
Array
(
    [phoneNumber] => +250786540833
    [serviceCode] => *384*4541#
    [text] => Aimable*123*1*qqq*qqw*2
    [sessionId] => ATUid_a81fac7cb41a9ea8c6f6dd8bfd6933db
    [networkCode] => 99999
)
Array
(
    [status] => success
    [data] => stdClass Object
        (
            [SMSMessageData] => stdClass Object
                (
                    [Message] => Sent to 1/1 Total Cost: RWF 14.0000 Message parts: 1
                    [Recipients] => Array
                        (
                            [0] => stdClass Object
                                (
                                    [cost] => RWF 14.0000
                                    [messageId] => ATXid_c1bf320a3e1d0c1e1fd796158ab639f6
                                    [number] => +250786540833
                                    [status] => Success
                                    [statusCode] => 101
                                )

                        )

                )

        )

)
Array
(
    [phoneNumber] => +250786540833
    [serviceCode] => *384*4541#
    [text] => 
    [sessionId] => ATUid_4156f0d5ded06e8eb59f654930744999
    [networkCode] => 99999
)
Array
(
    [phoneNumber] => +250786540833
    [serviceCode] => *384*4541#
    [text] => 
    [sessionId] => ATUid_6e9f2aad11661e0f8f498dca8ca4b600
    [networkCode] => 99999
)
Array
(
    [phoneNumber] => +250786540833
    [serviceCode] => *384*4541#
    [text] => 
    [sessionId] => ATUid_387b3a7d986ea383288c59e6f04902b4
    [networkCode] => 99999
)
Array
(
    [phoneNumber] => +250786540833
    [serviceCode] => *384*4541#
    [text] => 
    [sessionId] => ATUid_de98faff645999411a7f1a146349a7a3
    [networkCode] => 99999
)
Array
(
    [phoneNumber] => +250786540833
    [serviceCode] => *384*4541#
    [text] => Aimable
    [sessionId] => ATUid_de98faff645999411a7f1a146349a7a3
    [networkCode] => 99999
)
Array
(
    [phoneNumber] => +250786540833
    [serviceCode] => *384*4541#
    [text] => Aimable*123
    [sessionId] => ATUid_de98faff645999411a7f1a146349a7a3
    [networkCode] => 99999
)
Array
(
    [phoneNumber] => +250786540833
    [serviceCode] => *384*4541#
    [text] => Aimable*123*5
    [sessionId] => ATUid_de98faff645999411a7f1a146349a7a3
    [networkCode] => 99999
)
Array
(
    [phoneNumber] => +250786540833
    [serviceCode] => *384*4541#
    [text] => Aimable*123*5*123
    [sessionId] => ATUid_de98faff645999411a7f1a146349a7a3
    [networkCode] => 99999
)
Array
(
    [phoneNumber] => +250786540833
    [serviceCode] => *384*4541#
    [text] => Aimable*123*5*123*1234
    [sessionId] => ATUid_de98faff645999411a7f1a146349a7a3
    [networkCode] => 99999
)
Array
(
    [phoneNumber] => +250786540833
    [serviceCode] => *384*4541#
    [text] => Aimable*123*5*123*1234*1234
    [sessionId] => ATUid_de98faff645999411a7f1a146349a7a3
    [networkCode] => 99999
)
Array
(
    [phoneNumber] => +250786540833
    [serviceCode] => *384*4541#
    [text] => Aimable*123*5*123*1234*1234*1
    [sessionId] => ATUid_de98faff645999411a7f1a146349a7a3
    [networkCode] => 99999
)
Array
(
    [status] => success
    [data] => stdClass Object
        (
            [SMSMessageData] => stdClass Object
                (
                    [Message] => Sent to 1/1 Total Cost: RWF 14.0000 Message parts: 1
                    [Recipients] => Array
                        (
                            [0] => stdClass Object
                                (
                                    [cost] => RWF 14.0000
                                    [messageId] => ATXid_c4abdcf5ddf8789c463188cdddccb92e
                                    [number] => +250786540833
                                    [status] => Success
                                    [statusCode] => 101
                                )

                        )

                )

        )

)
Array
(
    [phoneNumber] => +250786540833
    [serviceCode] => *384*4541#
    [text] => 
    [sessionId] => ATUid_1a50834e02599fdb85f75df26ee4ece1
    [networkCode] => 99999
)
Array
(
    [phoneNumber] => +250786540834
    [serviceCode] => *384*4541#
    [text] => 
    [sessionId] => ATUid_a1e8e328e3b154bf79d88269ee029003
    [networkCode] => 99999
)
Array
(
    [phoneNumber] => +250786540833
    [serviceCode] => *384*4541#
    [text] => 
    [sessionId] => ATUid_23e412a6adc29d697505e5097b5568e9
    [networkCode] => 99999
)
Array
(
    [phoneNumber] => +250786540833
    [serviceCode] => *384*4541#
    [text] => Aimable
    [sessionId] => ATUid_23e412a6adc29d697505e5097b5568e9
    [networkCode] => 99999
)
Array
(
    [phoneNumber] => +250786540833
    [serviceCode] => *384*4541#
    [text] => Aimable*1234
    [sessionId] => ATUid_23e412a6adc29d697505e5097b5568e9
    [networkCode] => 99999
)
Array
(
    [phoneNumber] => +250786540833
    [serviceCode] => *384*4541#
    [text] => 
    [sessionId] => ATUid_d13dba7b20a2ab942f956fb1fbe7221a
    [networkCode] => 99999
)
Array
(
    [phoneNumber] => +250786540833
    [serviceCode] => *384*4541#
    [text] => Aimable
    [sessionId] => ATUid_d13dba7b20a2ab942f956fb1fbe7221a
    [networkCode] => 99999
)
Array
(
    [phoneNumber] => +250786540833
    [serviceCode] => *384*4541#
    [text] => Aimable*123
    [sessionId] => ATUid_d13dba7b20a2ab942f956fb1fbe7221a
    [networkCode] => 99999
)
Array
(
    [phoneNumber] => +250786540833
    [serviceCode] => *384*4541#
    [text] => 
    [sessionId] => ATUid_4ff2b0d986cc5514c478f281d7f9855d
    [networkCode] => 99999
)
Array
(
    [phoneNumber] => +250786540833
    [serviceCode] => *384*4541#
    [text] => 
    [sessionId] => ATUid_e56d25133cd3245e0deb596cdc3348f9
    [networkCode] => 99999
)
Array
(
    [phoneNumber] => +250786540833
    [serviceCode] => *384*4541#
    [text] => Aimable
    [sessionId] => ATUid_e56d25133cd3245e0deb596cdc3348f9
    [networkCode] => 99999
)
Array
(
    [phoneNumber] => +250786540833
    [serviceCode] => *384*4541#
    [text] => Aimable*123
    [sessionId] => ATUid_e56d25133cd3245e0deb596cdc3348f9
    [networkCode] => 99999
)
Array
(
    [phoneNumber] => +250786540833
    [serviceCode] => *384*4541#
    [text] => Aimable*123*5
    [sessionId] => ATUid_e56d25133cd3245e0deb596cdc3348f9
    [networkCode] => 99999
)
Array
(
    [phoneNumber] => +250786540833
    [serviceCode] => *384*4541#
    [text] => Aimable*123*5*123
    [sessionId] => ATUid_e56d25133cd3245e0deb596cdc3348f9
    [networkCode] => 99999
)
Array
(
    [phoneNumber] => +250786540833
    [serviceCode] => *384*4541#
    [text] => Aimable*123*5*123*1234
    [sessionId] => ATUid_e56d25133cd3245e0deb596cdc3348f9
    [networkCode] => 99999
)
Array
(
    [phoneNumber] => +250786540833
    [serviceCode] => *384*4541#
    [text] => Aimable*123*5*123*1234*1234
    [sessionId] => ATUid_e56d25133cd3245e0deb596cdc3348f9
    [networkCode] => 99999
)
Array
(
    [phoneNumber] => +250786540833
    [serviceCode] => *384*4541#
    [text] => Aimable*123*5*123*1234*1234*1
    [sessionId] => ATUid_e56d25133cd3245e0deb596cdc3348f9
    [networkCode] => 99999
)
Array
(
    [status] => success
    [data] => stdClass Object
        (
            [SMSMessageData] => stdClass Object
                (
                    [Message] => Sent to 1/1 Total Cost: RWF 14.0000 Message parts: 1
                    [Recipients] => Array
                        (
                            [0] => stdClass Object
                                (
                                    [cost] => RWF 14.0000
                                    [messageId] => ATXid_9b547e5fb5fd023d027a43c87d14c561
                                    [number] => +250786540833
                                    [status] => Success
                                    [statusCode] => 101
                                )

                        )

                )

        )

)
Array
(
    [phoneNumber] => +250786540833
    [serviceCode] => *384*4541#
    [text] => 
    [sessionId] => ATUid_31dbcba476c7bc466661ff6d0320bf67
    [networkCode] => 99999
)
Array
(
    [phoneNumber] => +250786540833
    [serviceCode] => *384*4541#
    [text] => Aimable
    [sessionId] => ATUid_31dbcba476c7bc466661ff6d0320bf67
    [networkCode] => 99999
)
Array
(
    [phoneNumber] => +250786540833
    [serviceCode] => *384*4541#
    [text] => Aimable*1234
    [sessionId] => ATUid_31dbcba476c7bc466661ff6d0320bf67
    [networkCode] => 99999
)
Array
(
    [phoneNumber] => +250786540833
    [serviceCode] => *384*4541#
    [text] => Aimable*1234*6
    [sessionId] => ATUid_31dbcba476c7bc466661ff6d0320bf67
    [networkCode] => 99999
)
Array
(
    [phoneNumber] => +250786540833
    [serviceCode] => *384*4541#
    [text] => 
    [sessionId] => ATUid_d9138fce8a1f322a26b44dfe850f5734
    [networkCode] => 99999
)
Array
(
    [phoneNumber] => +250786540833
    [serviceCode] => *384*4541#
    [text] => Aimable
    [sessionId] => ATUid_d9138fce8a1f322a26b44dfe850f5734
    [networkCode] => 99999
)
Array
(
    [phoneNumber] => +250786540833
    [serviceCode] => *384*4541#
    [text] => 
    [sessionId] => ATUid_bf7a4a08de7a57b9d8e485032052e0e5
    [networkCode] => 99999
)
Array
(
    [phoneNumber] => +250786540833
    [serviceCode] => *384*4541#
    [text] => 
    [sessionId] => ATUid_d726cb629644dfacc0b2b58a1b7a5e7e
    [networkCode] => 99999
)
Array
(
    [phoneNumber] => +250786540833
    [serviceCode] => *384*4541#
    [text] => 
    [sessionId] => ATUid_b854f75678baf836ff2bf874b6687085
    [networkCode] => 99999
)
Array
(
    [phoneNumber] => +250786540833
    [serviceCode] => *384*4541#
    [text] => Aimable
    [sessionId] => ATUid_bf7a4a08de7a57b9d8e485032052e0e5
    [networkCode] => 99999
)
Array
(
    [phoneNumber] => +250786540833
    [serviceCode] => *384*4541#
    [text] => Aimable*1234
    [sessionId] => ATUid_bf7a4a08de7a57b9d8e485032052e0e5
    [networkCode] => 99999
)
Array
(
    [phoneNumber] => +250786540833
    [serviceCode] => *384*4541#
    [text] => Aimable*1234*1
    [sessionId] => ATUid_bf7a4a08de7a57b9d8e485032052e0e5
    [networkCode] => 99999
)
Array
(
    [phoneNumber] => +250786540833
    [serviceCode] => *384*4541#
    [text] => Aimable*1234*1*hello
    [sessionId] => ATUid_bf7a4a08de7a57b9d8e485032052e0e5
    [networkCode] => 99999
)
Array
(
    [phoneNumber] => +250786540833
    [serviceCode] => *384*4541#
    [text] => Aimable*1234*1*hello*99
    [sessionId] => ATUid_bf7a4a08de7a57b9d8e485032052e0e5
    [networkCode] => 99999
)
Array
(
    [phoneNumber] => +250786540833
    [serviceCode] => *384*4541#
    [text] => 
    [sessionId] => ATUid_97e52d2efe4a227dacf79bf8e2391f0d
    [networkCode] => 99999
)
